d:\2017ws-mi_praktikum\exercises\exercise 1\x64\debug\02 mousefeatures.lib
d:\2017ws-mi_praktikum\exercises\exercise 1\x64\debug\02 mousefeatures.exp
d:\2017ws-mi_praktikum\exercises\exercise 1\mousefeatures\x64\debug\vc140.pdb
d:\2017ws-mi_praktikum\exercises\exercise 1\mousefeatures\x64\debug\mousefeatures.obj
d:\2017ws-mi_praktikum\exercises\exercise 1\mousefeatures\x64\debug\main.obj
d:\alexander\studium\multimodale interaktion\ws17_mi\exercise 1\mousefeatures\x64\debug\vc140.pdb
d:\alexander\studium\multimodale interaktion\ws17_mi\exercise 1\mousefeatures\x64\debug\main.obj
d:\2017ws-mi_praktikum\exercises\exercise 1\x64\debug\02 mousefeatures.ilk
d:\2017ws-mi_praktikum\exercises\exercise 1\x64\debug\02 mousefeatures.exe
d:\2017ws-mi_praktikum\exercises\exercise 1\x64\debug\02 mousefeatures.pdb
d:\alexander\studium\multimodale interaktion\ws17_mi\exercise 1\mousefeatures\x64\debug\mousefeatures.obj
d:\alexander\studium\multimodale interaktion\ws17_mi\exercise 1\x64\debug\02 mousefeatures.pdb
d:\alexander\studium\multimodale interaktion\ws17_mi\exercise 1\x64\debug\02 mousefeatures.exe
d:\alexander\studium\multimodale interaktion\ws17_mi\exercise 1\x64\debug\02 mousefeatures.ilk
d:\alexander\studium\multimodale interaktion\ws17_mi\exercise 1\mousefeatures\x64\debug\02 mousefeatures.tlog\02 mousefeatures.write.1u.tlog
d:\alexander\studium\multimodale interaktion\ws17_mi\exercise 1\mousefeatures\x64\debug\02 mousefeatures.tlog\cl.command.1.tlog
d:\alexander\studium\multimodale interaktion\ws17_mi\exercise 1\mousefeatures\x64\debug\02 mousefeatures.tlog\cl.read.1.tlog
d:\alexander\studium\multimodale interaktion\ws17_mi\exercise 1\mousefeatures\x64\debug\02 mousefeatures.tlog\cl.write.1.tlog
d:\alexander\studium\multimodale interaktion\ws17_mi\exercise 1\mousefeatures\x64\debug\02 mousefeatures.tlog\link.command.1.tlog
d:\alexander\studium\multimodale interaktion\ws17_mi\exercise 1\mousefeatures\x64\debug\02 mousefeatures.tlog\link.read.1.tlog
d:\alexander\studium\multimodale interaktion\ws17_mi\exercise 1\mousefeatures\x64\debug\02 mousefeatures.tlog\link.write.1.tlog
